#
# There is insufficient memory for the Java Runtime Environment to continue.
# Native memory allocation (malloc) failed to allocate 480104 bytes for AllocateHeap
# Possible reasons:
#   The system is out of physical RAM or swap space
#   In 32 bit mode, the process size limit was hit
# Possible solutions:
#   Reduce memory load on the system
#   Increase physical memory or swap space
#   Check if swap backing store is full
#   Use 64 bit Java on a 64 bit OS
#   Decrease Java heap size (-Xmx/-Xms)
#   Decrease number of Java threads
#   Decrease Java thread stack sizes (-Xss)
#   Set larger code cache with -XX:ReservedCodeCacheSize=
# This output file may be truncated or incomplete.
#
#  Out of Memory Error (memory/allocation.inline.hpp:61), pid=7356, tid=0x0000000000001994
#
# JRE version:  (8.0_101-b13) (build )
# Java VM: Java HotSpot(TM) 64-Bit Server VM (25.101-b13 mixed mode windows-amd64 compressed oops)
# Failed to write core dump. Minidumps are not enabled by default on client versions of Windows
#

---------------  T H R E A D  ---------------

Current thread (0x0000000002c00800):  JavaThread "Unknown thread" [_thread_in_vm, id=6548, stack(0x0000000002ab0000,0x0000000002bb0000)]

Stack: [0x0000000002ab0000,0x0000000002bb0000]
[error occurred during error reporting (printing stack bounds), id 0xc0000005]

Native frames: (J=compiled Java code, j=interpreted, Vv=VM code, C=native code)


---------------  P R O C E S S  ---------------

Java Threads: ( => current thread )

Other Threads:

=>0x0000000002c00800 (exited) JavaThread "Unknown thread" [_thread_in_vm, id=6548, stack(0x0000000002ab0000,0x0000000002bb0000)]

VM state:not at safepoint (not fully initialized)

VM Mutex/Monitor currently owned by a thread: None

GC Heap History (0 events):
No events

Deoptimization events (0 events):
No events

Internal exceptions (0 events):
No events

Events (0 events):
No events


Dynamic libraries:
0x00007ff7aa660000 - 0x00007ff7aa697000 	C:\Program Files\Java\jdk1.8.0_101\bin\java.exe
0x00007ff9a94e0000 - 0x00007ff9a968d000 	C:\Windows\SYSTEM32\ntdll.dll
0x00007ff9a88e0000 - 0x00007ff9a8a1e000 	C:\Windows\system32\KERNEL32.DLL
0x00007ff9a66e0000 - 0x00007ff9a67f5000 	C:\Windows\system32\KERNELBASE.dll
0x00007ff9a51e0000 - 0x00007ff9a526e000 	C:\Windows\system32\apphelp.dll
0x00007ff997110000 - 0x00007ff997163000 	C:\Windows\AppPatch\AppPatch64\AcGenral.DLL
0x00007ff9a80b0000 - 0x00007ff9a815a000 	C:\Windows\system32\msvcrt.dll
0x00007ff9a6a40000 - 0x00007ff9a6a6e000 	C:\Windows\system32\SspiCli.dll
0x00007ff9a86d0000 - 0x00007ff9a8724000 	C:\Windows\system32\SHLWAPI.dll
0x00007ff9a8ba0000 - 0x00007ff9a8d17000 	C:\Windows\system32\USER32.dll
0x00007ff9a84d0000 - 0x00007ff9a8664000 	C:\Windows\system32\ole32.dll
0x00007ff9a6b80000 - 0x00007ff9a80a9000 	C:\Windows\system32\SHELL32.dll
0x00007ff9a5c60000 - 0x00007ff9a5c81000 	C:\Windows\SYSTEM32\USERENV.dll
0x00007ff9a8400000 - 0x00007ff9a84aa000 	C:\Windows\system32\ADVAPI32.dll
0x00007ff999750000 - 0x00007ff99976e000 	C:\Windows\SYSTEM32\MPR.dll
0x00007ff9a8a20000 - 0x00007ff9a8b60000 	C:\Windows\system32\RPCRT4.dll
0x00007ff9a9260000 - 0x00007ff9a92b9000 	C:\Windows\SYSTEM32\sechost.dll
0x00007ff9a92c0000 - 0x00007ff9a94d1000 	C:\Windows\SYSTEM32\combase.dll
0x00007ff9a8d20000 - 0x00007ff9a8e6f000 	C:\Windows\system32\GDI32.dll
0x00007ff9a6610000 - 0x00007ff9a6625000 	C:\Windows\SYSTEM32\profapi.dll
0x00007ff9a4e20000 - 0x00007ff9a4ed2000 	C:\Windows\SYSTEM32\SHCORE.dll
0x00007ff9a8b60000 - 0x00007ff9a8b96000 	C:\Windows\system32\IMM32.DLL
0x00007ff9a81c0000 - 0x00007ff9a8312000 	C:\Windows\system32\MSCTF.dll
0x00007ff9a4560000 - 0x00007ff9a47db000 	C:\Windows\WinSxS\amd64_microsoft.windows.common-controls_6595b64144ccf1df_6.0.9600.18006_none_623f33d3ecbe86e8\COMCTL32.dll
0x00000000529f0000 - 0x0000000052ac2000 	C:\Program Files\Java\jdk1.8.0_101\jre\bin\msvcr100.dll
0x0000000052ad0000 - 0x000000005336a000 	C:\Program Files\Java\jdk1.8.0_101\jre\bin\server\jvm.dll
0x00007ff9a3f00000 - 0x00007ff9a3f09000 	C:\Windows\SYSTEM32\WSOCK32.dll
0x00007ff9a1c10000 - 0x00007ff9a1c32000 	C:\Windows\SYSTEM32\WINMM.dll
0x00007ff9a4170000 - 0x00007ff9a417a000 	C:\Windows\SYSTEM32\VERSION.dll
0x00007ff9a6b70000 - 0x00007ff9a6b77000 	C:\Windows\system32\PSAPI.DLL
0x00007ff9a8160000 - 0x00007ff9a81ba000 	C:\Windows\system32\WS2_32.dll
0x00007ff9a1bd0000 - 0x00007ff9a1bfa000 	C:\Windows\SYSTEM32\WINMMBASE.dll
0x00007ff9a9250000 - 0x00007ff9a9259000 	C:\Windows\system32\NSI.dll
0x00007ff9a6b20000 - 0x00007ff9a6b6f000 	C:\Windows\SYSTEM32\cfgmgr32.dll
0x00007ff9a5450000 - 0x00007ff9a5478000 	C:\Windows\SYSTEM32\DEVOBJ.dll
0x00000000539d0000 - 0x00000000539df000 	C:\Program Files\Java\jdk1.8.0_101\jre\bin\verify.dll
0x00000000539a0000 - 0x00000000539c9000 	C:\Program Files\Java\jdk1.8.0_101\jre\bin\java.dll
0x0000000053980000 - 0x0000000053996000 	C:\Program Files\Java\jdk1.8.0_101\jre\bin\zip.dll

VM Arguments:
jvm_args: -Djava.awt.headless=true -Xmx1024M -Dfile.encoding=windows-1252 -Duser.country=US -Duser.language=en -Duser.variant 
java_command: com.android.dx.command.Main --dex --force-jumbo --num-threads=4 --multi-dex --output D:\New folder (2)\pelajaran\kelas 2\ppb\AndroidProject\MyApplication1\app\build\intermediates\transforms\dex\debug\folders\1000\5\slice_1 D:\New folder (2)\pelajaran\kelas 2\ppb\AndroidProject\MyApplication1\app\build\intermediates\transforms\instantRunSlicer\debug\folders\1\5\slice_1
java_class_path (initial): D:\SDK\build-tools\23.0.3\lib\dx.jar
Launcher Type: SUN_STANDARD

Environment Variables:
PATH=C:\ProgramData\Oracle\Java\javapath;C:\Program Files (x86)\Java\jdk1.7.0_05\bin
USERNAME=Adristi Iftitah
OS=Windows_NT
PROCESSOR_IDENTIFIER=Intel64 Family 6 Model 37 Stepping 5, GenuineIntel



---------------  S Y S T E M  ---------------

OS: Windows 8.1 , 64 bit Build 9600 (6.3.9600.17415)

CPU:total 4 (2 cores per cpu, 2 threads per core) family 6 model 37 stepping 5, cmov, cx8, fxsr, mmx, sse, sse2, sse3, ssse3, sse4.1, sse4.2, popcnt, aes, clmul, ht, tsc, tscinvbit

Memory: 4k page, physical 4050596k(118836k free), swap 7196324k(73168k free)

vm_info: Java HotSpot(TM) 64-Bit Server VM (25.101-b13) for windows-amd64 JRE (1.8.0_101-b13), built on Jun 22 2016 01:21:29 by "java_re" with MS VC++ 10.0 (VS2010)

time: Sat Sep 10 13:10:22 2016
elapsed time: 3 seconds (0d 0h 0m 3s)

